<?xml version="1.0" encoding="UTF-8"?>
<coverage generated="1764368443345" clover="3.2.0">
  <project timestamp="1764368443345" name="All files">
    <metrics statements="22" coveredstatements="11" conditionals="14" coveredconditionals="8" methods="5" coveredmethods="4" elements="41" coveredelements="23" complexity="0" loc="22" ncloc="22" packages="1" files="1" classes="1"/>
    <file name="TaskFormPage.jsx" path="C:\Users\User\Documents\task-manager\frontend\src\pages\TaskFormPage.jsx">
      <metrics statements="22" coveredstatements="11" conditionals="14" coveredconditionals="8" methods="5" coveredmethods="4"/>
      <line num="12" count="10" type="stmt"/>
      <line num="13" count="10" type="stmt"/>
      <line num="14" count="10" type="stmt"/>
      <line num="15" count="10" type="stmt"/>
      <line num="16" count="1" type="cond" truecount="1" falsecount="1"/>
      <line num="17" count="0" type="stmt"/>
      <line num="19" count="1" type="stmt"/>
      <line num="21" count="1" type="stmt"/>
      <line num="23" count="10" type="stmt"/>
      <line num="25" count="4" type="cond" truecount="1" falsecount="1"/>
      <line num="26" count="0" type="stmt"/>
      <line num="27" count="0" type="stmt"/>
      <line num="28" count="0" type="stmt"/>
      <line num="29" count="0" type="stmt"/>
      <line num="30" count="0" type="stmt"/>
      <line num="31" count="0" type="stmt"/>
      <line num="34" count="4" type="stmt"/>
      <line num="36" count="10" type="stmt"/>
      <line num="96" count="0" type="stmt"/>
      <line num="97" count="0" type="cond" truecount="0" falsecount="2"/>
      <line num="98" count="0" type="stmt"/>
      <line num="99" count="0" type="stmt"/>
    </file>
  </project>
</coverage>
