{"C:\\Users\\User\\Documents\\task-manager\\frontend\\src\\pages\\TaskFormPage.jsx": {"path":"C:\\Users\\User\\Documents\\task-manager\\frontend\\src\\pages\\TaskFormPage.jsx","statementMap":{"0":{"start":{"line":12,"column":2},"end":{"line":12,"column":null}},"1":{"start":{"line":13,"column":8},"end":{"line":13,"column":null}},"2":{"start":{"line":14,"column":8},"end":{"line":14,"column":null}},"3":{"start":{"line":15,"column":19},"end":{"line":22,"column":null}},"4":{"start":{"line":16,"column":4},"end":{"line":20,"column":null}},"5":{"start":{"line":17,"column":6},"end":{"line":17,"column":null}},"6":{"start":{"line":19,"column":6},"end":{"line":19,"column":null}},"7":{"start":{"line":21,"column":4},"end":{"line":21,"column":null}},"8":{"start":{"line":23,"column":2},"end":{"line":35,"column":null}},"9":{"start":{"line":25,"column":6},"end":{"line":32,"column":null}},"10":{"start":{"line":26,"column":25},"end":{"line":26,"column":null}},"11":{"start":{"line":27,"column":8},"end":{"line":27,"column":null}},"12":{"start":{"line":28,"column":8},"end":{"line":28,"column":null}},"13":{"start":{"line":29,"column":8},"end":{"line":29,"column":null}},"14":{"start":{"line":30,"column":8},"end":{"line":30,"column":null}},"15":{"start":{"line":31,"column":8},"end":{"line":31,"column":null}},"16":{"start":{"line":34,"column":4},"end":{"line":34,"column":null}},"17":{"start":{"line":36,"column":2},"end":{"line":108,"column":null}},"18":{"start":{"line":96,"column":31},"end":{"line":96,"column":null}},"19":{"start":{"line":97,"column":14},"end":{"line":100,"column":null}},"20":{"start":{"line":98,"column":16},"end":{"line":98,"column":null}},"21":{"start":{"line":99,"column":16},"end":{"line":99,"column":null}}},"fnMap":{"0":{"name":"TaskFormPage","decl":{"start":{"line":6,"column":24},"end":{"line":6,"column":39}},"loc":{"start":{"line":6,"column":39},"end":{"line":110,"column":null}},"line":6},"1":{"name":"(anonymous_1)","decl":{"start":{"line":15,"column":32},"end":{"line":15,"column":39}},"loc":{"start":{"line":15,"column":48},"end":{"line":22,"column":3}},"line":15},"2":{"name":"(anonymous_2)","decl":{"start":{"line":23,"column":12},"end":{"line":23,"column":18}},"loc":{"start":{"line":23,"column":18},"end":{"line":35,"column":5}},"line":23},"3":{"name":"LoadTask","decl":{"start":{"line":24,"column":19},"end":{"line":24,"column":30}},"loc":{"start":{"line":24,"column":30},"end":{"line":33,"column":null}},"line":24},"4":{"name":"(anonymous_4)","decl":{"start":{"line":95,"column":21},"end":{"line":95,"column":33}},"loc":{"start":{"line":95,"column":33},"end":{"line":101,"column":null}},"line":95}},"branchMap":{"0":{"loc":{"start":{"line":16,"column":4},"end":{"line":20,"column":null}},"type":"if","locations":[{"start":{"line":16,"column":4},"end":{"line":20,"column":null}},{"start":{"line":18,"column":11},"end":{"line":20,"column":null}}],"line":16},"1":{"loc":{"start":{"line":25,"column":6},"end":{"line":32,"column":null}},"type":"if","locations":[{"start":{"line":25,"column":6},"end":{"line":32,"column":null}},{"start":{},"end":{}}],"line":25},"2":{"loc":{"start":{"line":43,"column":11},"end":{"line":43,"column":null}},"type":"cond-expr","locations":[{"start":{"line":43,"column":23},"end":{"line":43,"column":40}},{"start":{"line":43,"column":40},"end":{"line":43,"column":null}}],"line":43},"3":{"loc":{"start":{"line":51,"column":9},"end":{"line":52,"column":null}},"type":"binary-expr","locations":[{"start":{"line":51,"column":9},"end":{"line":51,"column":null}},{"start":{"line":52,"column":10},"end":{"line":52,"column":null}}],"line":51},"4":{"loc":{"start":{"line":60,"column":9},"end":{"line":61,"column":null}},"type":"binary-expr","locations":[{"start":{"line":60,"column":9},"end":{"line":60,"column":null}},{"start":{"line":61,"column":10},"end":{"line":61,"column":null}}],"line":60},"5":{"loc":{"start":{"line":92,"column":9},"end":{"line":105,"column":null}},"type":"binary-expr","locations":[{"start":{"line":92,"column":9},"end":{"line":92,"column":null}},{"start":{"line":93,"column":10},"end":{"line":105,"column":null}}],"line":92},"6":{"loc":{"start":{"line":97,"column":14},"end":{"line":100,"column":null}},"type":"if","locations":[{"start":{"line":97,"column":14},"end":{"line":100,"column":null}},{"start":{},"end":{}}],"line":97}},"s":{"0":10,"1":10,"2":10,"3":10,"4":1,"5":0,"6":1,"7":1,"8":10,"9":4,"10":0,"11":0,"12":0,"13":0,"14":0,"15":0,"16":4,"17":10,"18":0,"19":0,"20":0,"21":0},"f":{"0":10,"1":1,"2":4,"3":4,"4":0},"b":{"0":[0,1],"1":[0,4],"2":[0,10],"3":[10,1],"4":[10,1],"5":[10,0],"6":[0,0]},"meta":{"lastBranch":7,"lastFunction":5,"lastStatement":22,"seen":{"f:6:24:6:39":0,"s:12:2:12:Infinity":0,"s:13:8:13:Infinity":1,"s:14:8:14:Infinity":2,"s:15:19:22:Infinity":3,"f:15:32:15:39":1,"b:16:4:20:Infinity:18:11:20:Infinity":0,"s:16:4:20:Infinity":4,"s:17:6:17:Infinity":5,"s:19:6:19:Infinity":6,"s:21:4:21:Infinity":7,"s:23:2:35:Infinity":8,"f:23:12:23:18":2,"f:24:19:24:30":3,"b:25:6:32:Infinity:undefined:undefined:undefined:undefined":1,"s:25:6:32:Infinity":9,"s:26:25:26:Infinity":10,"s:27:8:27:Infinity":11,"s:28:8:28:Infinity":12,"s:29:8:29:Infinity":13,"s:30:8:30:Infinity":14,"s:31:8:31:Infinity":15,"s:34:4:34:Infinity":16,"s:36:2:108:Infinity":17,"b:43:23:43:40:43:40:43:Infinity":2,"b:51:9:51:Infinity:52:10:52:Infinity":3,"b:60:9:60:Infinity:61:10:61:Infinity":4,"b:92:9:92:Infinity:93:10:105:Infinity":5,"f:95:21:95:33":4,"s:96:31:96:Infinity":18,"b:97:14:100:Infinity:undefined:undefined:undefined:undefined":6,"s:97:14:100:Infinity":19,"s:98:16:98:Infinity":20,"s:99:16:99:Infinity":21}}}
}
